<?xml version="1.0" encoding="UTF-8"?>
<!-- Generated by org.testng.reporters.JUnitXMLReporter -->
<testsuite ignored="0" hostname="DESKTOP-TF745PI" failures="0" tests="12" name="ChromeTest" time="11.625" errors="0" timestamp="2022-02-23T20:15:55 ICT">
  <testcase classname="core.BaseTest" name="@BeforeMethod setUp" time="3.894">
    <failure type="org.openqa.selenium.SessionNotCreatedException" message="session not created: This version of ChromeDriver only supports Chrome version 96
Current browser version is 98.0.4758.102 with binary path C:\Program Files\Google\Chrome\Application\chrome.exe
Build info: version: &amp;apos;3.141.59&amp;apos;, revision: &amp;apos;e82be7d358&amp;apos;, time: &amp;apos;2018-11-14T08:17:03&amp;apos;
System info: host: &amp;apos;DESKTOP-TF745PI&amp;apos;, ip: &amp;apos;192.168.0.4&amp;apos;, os.name: &amp;apos;Windows 10&amp;apos;, os.arch: &amp;apos;amd64&amp;apos;, os.version: &amp;apos;10.0&amp;apos;, java.version: &amp;apos;11.0.8&amp;apos;
Driver info: driver.version: ChromeDriver
remote stacktrace: Backtrace:
	Ordinal0 [0x00C76903+2517251]
	Ordinal0 [0x00C0F8E1+2095329]
	Ordinal0 [0x00B12848+1058888]
	Ordinal0 [0x00B30B9D+1182621]
	Ordinal0 [0x00B2CA60+1165920]
	Ordinal0 [0x00B2A2CF+1155791]
	Ordinal0 [0x00B5AAAF+1354415]
	Ordinal0 [0x00B5A71A+1353498]
	Ordinal0 [0x00B5639B+1336219]
	Ordinal0 [0x00B327A7+1189799]
	Ordinal0 [0x00B33609+1193481]
	GetHandleVerifier [0x00E05904+1577972]
	GetHandleVerifier [0x00EB0B97+2279047]
	GetHandleVerifier [0x00D06D09+534521]
	GetHandleVerifier [0x00D05DB9+530601]
	Ordinal0 [0x00C14FF9+2117625]
	Ordinal0 [0x00C198A8+2136232]
	Ordinal0 [0x00C199E2+2136546]
	Ordinal0 [0x00C23541+2176321]
	BaseThreadInitThunk [0x75C6FA29+25]
	RtlGetAppContainerNamedObjectPath [0x77D77A9E+286]
	RtlGetAppContainerNamedObjectPath [0x77D77A6E+238]
">
      <![CDATA[org.openqa.selenium.SessionNotCreatedException: session not created: This version of ChromeDriver only supports Chrome version 96
Current browser version is 98.0.4758.102 with binary path C:\Program Files\Google\Chrome\Application\chrome.exe
Build info: version: '3.141.59', revision: 'e82be7d358', time: '2018-11-14T08:17:03'
System info: host: 'DESKTOP-TF745PI', ip: '192.168.0.4', os.name: 'Windows 10', os.arch: 'amd64', os.version: '10.0', java.version: '11.0.8'
Driver info: driver.version: ChromeDriver
remote stacktrace: Backtrace:
Ordinal0 [0x00C76903+2517251]
Ordinal0 [0x00C0F8E1+2095329]
Ordinal0 [0x00B12848+1058888]
Ordinal0 [0x00B30B9D+1182621]
Ordinal0 [0x00B2CA60+1165920]
Ordinal0 [0x00B2A2CF+1155791]
Ordinal0 [0x00B5AAAF+1354415]
Ordinal0 [0x00B5A71A+1353498]
Ordinal0 [0x00B5639B+1336219]
Ordinal0 [0x00B327A7+1189799]
Ordinal0 [0x00B33609+1193481]
GetHandleVerifier [0x00E05904+1577972]
GetHandleVerifier [0x00EB0B97+2279047]
GetHandleVerifier [0x00D06D09+534521]
GetHandleVerifier [0x00D05DB9+530601]
Ordinal0 [0x00C14FF9+2117625]
Ordinal0 [0x00C198A8+2136232]
Ordinal0 [0x00C199E2+2136546]
Ordinal0 [0x00C23541+2176321]
BaseThreadInitThunk [0x75C6FA29+25]
RtlGetAppContainerNamedObjectPath [0x77D77A9E+286]
RtlGetAppContainerNamedObjectPath [0x77D77A6E+238]

at org.openqa.selenium.remote.W3CHandshakeResponse.lambda$errorHandler$0(W3CHandshakeResponse.java:62)
at org.openqa.selenium.remote.HandshakeResponse.lambda$getResponseFunction$0(HandshakeResponse.java:30)
at org.openqa.selenium.remote.ProtocolHandshake.lambda$createSession$0(ProtocolHandshake.java:126)
at java.base/java.util.stream.ReferencePipeline$3$1.accept(ReferencePipeline.java:195)
at java.base/java.util.Spliterators$ArraySpliterator.tryAdvance(Spliterators.java:958)
at java.base/java.util.stream.ReferencePipeline.forEachWithCancel(ReferencePipeline.java:127)
at java.base/java.util.stream.AbstractPipeline.copyIntoWithCancel(AbstractPipeline.java:502)
at java.base/java.util.stream.AbstractPipeline.copyInto(AbstractPipeline.java:488)
at java.base/java.util.stream.AbstractPipeline.wrapAndCopyInto(AbstractPipeline.java:474)
at java.base/java.util.stream.FindOps$FindOp.evaluateSequential(FindOps.java:150)
at java.base/java.util.stream.AbstractPipeline.evaluate(AbstractPipeline.java:234)
at java.base/java.util.stream.ReferencePipeline.findFirst(ReferencePipeline.java:543)
at org.openqa.selenium.remote.ProtocolHandshake.createSession(ProtocolHandshake.java:128)
at org.openqa.selenium.remote.ProtocolHandshake.createSession(ProtocolHandshake.java:74)
at org.openqa.selenium.remote.HttpCommandExecutor.execute(HttpCommandExecutor.java:136)
at org.openqa.selenium.remote.service.DriverCommandExecutor.execute(DriverCommandExecutor.java:83)
at org.openqa.selenium.remote.RemoteWebDriver.execute(RemoteWebDriver.java:552)
at org.openqa.selenium.remote.RemoteWebDriver.startSession(RemoteWebDriver.java:213)
at org.openqa.selenium.remote.RemoteWebDriver.<init>(RemoteWebDriver.java:131)
at org.openqa.selenium.chrome.ChromeDriver.<init>(ChromeDriver.java:181)
at org.openqa.selenium.chrome.ChromeDriver.<init>(ChromeDriver.java:168)
at org.openqa.selenium.chrome.ChromeDriver.<init>(ChromeDriver.java:123)
at core.BaseTest.setUp(BaseTest.java:21)
at java.base/java.util.ArrayList.forEach(ArrayList.java:1541)
at java.base/java.util.concurrent.FutureTask.run(FutureTask.java:264)
at java.base/java.util.concurrent.ThreadPoolExecutor.runWorker(ThreadPoolExecutor.java:1128)
at java.base/java.util.concurrent.ThreadPoolExecutor$Worker.run(ThreadPoolExecutor.java:628)
at java.base/java.lang.Thread.run(Thread.java:834)
... Removed 26 stack frames]]>
    </failure>
  </testcase> <!-- @BeforeMethod setUp -->
  <testcase classname="core.BaseTest" name="@AfterMethod tearDown" time="-1.645622147351E9">
    <skipped/>
  </testcase> <!-- @AfterMethod tearDown -->
  <testcase classname="core.BaseTest" name="@BeforeMethod setUp" time="-1.645622147362E9">
    <skipped/>
  </testcase> <!-- @BeforeMethod setUp -->
  <testcase classname="core.BaseTest" name="@AfterMethod tearDown" time="-1.645622147372E9">
    <skipped/>
  </testcase> <!-- @AfterMethod tearDown -->
  <testcase classname="core.BaseTest" name="@BeforeMethod setUp" time="1.542">
    <failure type="org.openqa.selenium.SessionNotCreatedException" message="session not created: This version of ChromeDriver only supports Chrome version 96
Current browser version is 98.0.4758.102 with binary path C:\Program Files\Google\Chrome\Application\chrome.exe
Build info: version: &amp;apos;3.141.59&amp;apos;, revision: &amp;apos;e82be7d358&amp;apos;, time: &amp;apos;2018-11-14T08:17:03&amp;apos;
System info: host: &amp;apos;DESKTOP-TF745PI&amp;apos;, ip: &amp;apos;192.168.0.4&amp;apos;, os.name: &amp;apos;Windows 10&amp;apos;, os.arch: &amp;apos;amd64&amp;apos;, os.version: &amp;apos;10.0&amp;apos;, java.version: &amp;apos;11.0.8&amp;apos;
Driver info: driver.version: ChromeDriver
remote stacktrace: Backtrace:
	Ordinal0 [0x00C76903+2517251]
	Ordinal0 [0x00C0F8E1+2095329]
	Ordinal0 [0x00B12848+1058888]
	Ordinal0 [0x00B30B9D+1182621]
	Ordinal0 [0x00B2CA60+1165920]
	Ordinal0 [0x00B2A2CF+1155791]
	Ordinal0 [0x00B5AAAF+1354415]
	Ordinal0 [0x00B5A71A+1353498]
	Ordinal0 [0x00B5639B+1336219]
	Ordinal0 [0x00B327A7+1189799]
	Ordinal0 [0x00B33609+1193481]
	GetHandleVerifier [0x00E05904+1577972]
	GetHandleVerifier [0x00EB0B97+2279047]
	GetHandleVerifier [0x00D06D09+534521]
	GetHandleVerifier [0x00D05DB9+530601]
	Ordinal0 [0x00C14FF9+2117625]
	Ordinal0 [0x00C198A8+2136232]
	Ordinal0 [0x00C199E2+2136546]
	Ordinal0 [0x00C23541+2176321]
	BaseThreadInitThunk [0x75C6FA29+25]
	RtlGetAppContainerNamedObjectPath [0x77D77A9E+286]
	RtlGetAppContainerNamedObjectPath [0x77D77A6E+238]
">
      <![CDATA[org.openqa.selenium.SessionNotCreatedException: session not created: This version of ChromeDriver only supports Chrome version 96
Current browser version is 98.0.4758.102 with binary path C:\Program Files\Google\Chrome\Application\chrome.exe
Build info: version: '3.141.59', revision: 'e82be7d358', time: '2018-11-14T08:17:03'
System info: host: 'DESKTOP-TF745PI', ip: '192.168.0.4', os.name: 'Windows 10', os.arch: 'amd64', os.version: '10.0', java.version: '11.0.8'
Driver info: driver.version: ChromeDriver
remote stacktrace: Backtrace:
Ordinal0 [0x00C76903+2517251]
Ordinal0 [0x00C0F8E1+2095329]
Ordinal0 [0x00B12848+1058888]
Ordinal0 [0x00B30B9D+1182621]
Ordinal0 [0x00B2CA60+1165920]
Ordinal0 [0x00B2A2CF+1155791]
Ordinal0 [0x00B5AAAF+1354415]
Ordinal0 [0x00B5A71A+1353498]
Ordinal0 [0x00B5639B+1336219]
Ordinal0 [0x00B327A7+1189799]
Ordinal0 [0x00B33609+1193481]
GetHandleVerifier [0x00E05904+1577972]
GetHandleVerifier [0x00EB0B97+2279047]
GetHandleVerifier [0x00D06D09+534521]
GetHandleVerifier [0x00D05DB9+530601]
Ordinal0 [0x00C14FF9+2117625]
Ordinal0 [0x00C198A8+2136232]
Ordinal0 [0x00C199E2+2136546]
Ordinal0 [0x00C23541+2176321]
BaseThreadInitThunk [0x75C6FA29+25]
RtlGetAppContainerNamedObjectPath [0x77D77A9E+286]
RtlGetAppContainerNamedObjectPath [0x77D77A6E+238]

at org.openqa.selenium.remote.W3CHandshakeResponse.lambda$errorHandler$0(W3CHandshakeResponse.java:62)
at org.openqa.selenium.remote.HandshakeResponse.lambda$getResponseFunction$0(HandshakeResponse.java:30)
at org.openqa.selenium.remote.ProtocolHandshake.lambda$createSession$0(ProtocolHandshake.java:126)
at java.base/java.util.stream.ReferencePipeline$3$1.accept(ReferencePipeline.java:195)
at java.base/java.util.Spliterators$ArraySpliterator.tryAdvance(Spliterators.java:958)
at java.base/java.util.stream.ReferencePipeline.forEachWithCancel(ReferencePipeline.java:127)
at java.base/java.util.stream.AbstractPipeline.copyIntoWithCancel(AbstractPipeline.java:502)
at java.base/java.util.stream.AbstractPipeline.copyInto(AbstractPipeline.java:488)
at java.base/java.util.stream.AbstractPipeline.wrapAndCopyInto(AbstractPipeline.java:474)
at java.base/java.util.stream.FindOps$FindOp.evaluateSequential(FindOps.java:150)
at java.base/java.util.stream.AbstractPipeline.evaluate(AbstractPipeline.java:234)
at java.base/java.util.stream.ReferencePipeline.findFirst(ReferencePipeline.java:543)
at org.openqa.selenium.remote.ProtocolHandshake.createSession(ProtocolHandshake.java:128)
at org.openqa.selenium.remote.ProtocolHandshake.createSession(ProtocolHandshake.java:74)
at org.openqa.selenium.remote.HttpCommandExecutor.execute(HttpCommandExecutor.java:136)
at org.openqa.selenium.remote.service.DriverCommandExecutor.execute(DriverCommandExecutor.java:83)
at org.openqa.selenium.remote.RemoteWebDriver.execute(RemoteWebDriver.java:552)
at org.openqa.selenium.remote.RemoteWebDriver.startSession(RemoteWebDriver.java:213)
at org.openqa.selenium.remote.RemoteWebDriver.<init>(RemoteWebDriver.java:131)
at org.openqa.selenium.chrome.ChromeDriver.<init>(ChromeDriver.java:181)
at org.openqa.selenium.chrome.ChromeDriver.<init>(ChromeDriver.java:168)
at org.openqa.selenium.chrome.ChromeDriver.<init>(ChromeDriver.java:123)
at core.BaseTest.setUp(BaseTest.java:21)
at java.base/java.util.ArrayList.forEach(ArrayList.java:1541)
at java.base/java.util.concurrent.FutureTask.run(FutureTask.java:264)
at java.base/java.util.concurrent.ThreadPoolExecutor.runWorker(ThreadPoolExecutor.java:1128)
at java.base/java.util.concurrent.ThreadPoolExecutor$Worker.run(ThreadPoolExecutor.java:628)
at java.base/java.lang.Thread.run(Thread.java:834)
... Removed 26 stack frames]]>
    </failure>
  </testcase> <!-- @BeforeMethod setUp -->
  <testcase classname="core.BaseTest" name="@AfterMethod tearDown" time="-1.645622148948E9">
    <skipped/>
  </testcase> <!-- @AfterMethod tearDown -->
  <testcase classname="core.BaseTest" name="@BeforeMethod setUp" time="-1.645622149897E9">
    <skipped/>
  </testcase> <!-- @BeforeMethod setUp -->
  <testcase classname="core.BaseTest" name="@AfterMethod tearDown" time="-1.645622149921E9">
    <skipped/>
  </testcase> <!-- @AfterMethod tearDown -->
  <testcase classname="core.BaseTest" name="@BeforeMethod setUp" time="-1.645622149926E9">
    <skipped/>
  </testcase> <!-- @BeforeMethod setUp -->
  <testcase classname="core.BaseTest" name="@AfterMethod tearDown" time="-1.645622149942E9">
    <skipped/>
  </testcase> <!-- @AfterMethod tearDown -->
  <testcase classname="core.BaseTest" name="@BeforeMethod setUp" time="-1.645622149953E9">
    <skipped/>
  </testcase> <!-- @BeforeMethod setUp -->
  <testcase classname="core.BaseTest" name="@AfterMethod tearDown" time="-1.645622149985E9">
    <skipped/>
  </testcase> <!-- @AfterMethod tearDown -->
  <testcase classname="core.BaseTest" name="@BeforeMethod setUp" time="1.57">
    <failure type="org.openqa.selenium.SessionNotCreatedException" message="session not created: This version of ChromeDriver only supports Chrome version 96
Current browser version is 98.0.4758.102 with binary path C:\Program Files\Google\Chrome\Application\chrome.exe
Build info: version: &amp;apos;3.141.59&amp;apos;, revision: &amp;apos;e82be7d358&amp;apos;, time: &amp;apos;2018-11-14T08:17:03&amp;apos;
System info: host: &amp;apos;DESKTOP-TF745PI&amp;apos;, ip: &amp;apos;192.168.0.4&amp;apos;, os.name: &amp;apos;Windows 10&amp;apos;, os.arch: &amp;apos;amd64&amp;apos;, os.version: &amp;apos;10.0&amp;apos;, java.version: &amp;apos;11.0.8&amp;apos;
Driver info: driver.version: ChromeDriver
remote stacktrace: Backtrace:
	Ordinal0 [0x00C76903+2517251]
	Ordinal0 [0x00C0F8E1+2095329]
	Ordinal0 [0x00B12848+1058888]
	Ordinal0 [0x00B30B9D+1182621]
	Ordinal0 [0x00B2CA60+1165920]
	Ordinal0 [0x00B2A2CF+1155791]
	Ordinal0 [0x00B5AAAF+1354415]
	Ordinal0 [0x00B5A71A+1353498]
	Ordinal0 [0x00B5639B+1336219]
	Ordinal0 [0x00B327A7+1189799]
	Ordinal0 [0x00B33609+1193481]
	GetHandleVerifier [0x00E05904+1577972]
	GetHandleVerifier [0x00EB0B97+2279047]
	GetHandleVerifier [0x00D06D09+534521]
	GetHandleVerifier [0x00D05DB9+530601]
	Ordinal0 [0x00C14FF9+2117625]
	Ordinal0 [0x00C198A8+2136232]
	Ordinal0 [0x00C199E2+2136546]
	Ordinal0 [0x00C23541+2176321]
	BaseThreadInitThunk [0x75C6FA29+25]
	RtlGetAppContainerNamedObjectPath [0x77D77A9E+286]
	RtlGetAppContainerNamedObjectPath [0x77D77A6E+238]
">
      <![CDATA[org.openqa.selenium.SessionNotCreatedException: session not created: This version of ChromeDriver only supports Chrome version 96
Current browser version is 98.0.4758.102 with binary path C:\Program Files\Google\Chrome\Application\chrome.exe
Build info: version: '3.141.59', revision: 'e82be7d358', time: '2018-11-14T08:17:03'
System info: host: 'DESKTOP-TF745PI', ip: '192.168.0.4', os.name: 'Windows 10', os.arch: 'amd64', os.version: '10.0', java.version: '11.0.8'
Driver info: driver.version: ChromeDriver
remote stacktrace: Backtrace:
Ordinal0 [0x00C76903+2517251]
Ordinal0 [0x00C0F8E1+2095329]
Ordinal0 [0x00B12848+1058888]
Ordinal0 [0x00B30B9D+1182621]
Ordinal0 [0x00B2CA60+1165920]
Ordinal0 [0x00B2A2CF+1155791]
Ordinal0 [0x00B5AAAF+1354415]
Ordinal0 [0x00B5A71A+1353498]
Ordinal0 [0x00B5639B+1336219]
Ordinal0 [0x00B327A7+1189799]
Ordinal0 [0x00B33609+1193481]
GetHandleVerifier [0x00E05904+1577972]
GetHandleVerifier [0x00EB0B97+2279047]
GetHandleVerifier [0x00D06D09+534521]
GetHandleVerifier [0x00D05DB9+530601]
Ordinal0 [0x00C14FF9+2117625]
Ordinal0 [0x00C198A8+2136232]
Ordinal0 [0x00C199E2+2136546]
Ordinal0 [0x00C23541+2176321]
BaseThreadInitThunk [0x75C6FA29+25]
RtlGetAppContainerNamedObjectPath [0x77D77A9E+286]
RtlGetAppContainerNamedObjectPath [0x77D77A6E+238]

at org.openqa.selenium.remote.W3CHandshakeResponse.lambda$errorHandler$0(W3CHandshakeResponse.java:62)
at org.openqa.selenium.remote.HandshakeResponse.lambda$getResponseFunction$0(HandshakeResponse.java:30)
at org.openqa.selenium.remote.ProtocolHandshake.lambda$createSession$0(ProtocolHandshake.java:126)
at java.base/java.util.stream.ReferencePipeline$3$1.accept(ReferencePipeline.java:195)
at java.base/java.util.Spliterators$ArraySpliterator.tryAdvance(Spliterators.java:958)
at java.base/java.util.stream.ReferencePipeline.forEachWithCancel(ReferencePipeline.java:127)
at java.base/java.util.stream.AbstractPipeline.copyIntoWithCancel(AbstractPipeline.java:502)
at java.base/java.util.stream.AbstractPipeline.copyInto(AbstractPipeline.java:488)
at java.base/java.util.stream.AbstractPipeline.wrapAndCopyInto(AbstractPipeline.java:474)
at java.base/java.util.stream.FindOps$FindOp.evaluateSequential(FindOps.java:150)
at java.base/java.util.stream.AbstractPipeline.evaluate(AbstractPipeline.java:234)
at java.base/java.util.stream.ReferencePipeline.findFirst(ReferencePipeline.java:543)
at org.openqa.selenium.remote.ProtocolHandshake.createSession(ProtocolHandshake.java:128)
at org.openqa.selenium.remote.ProtocolHandshake.createSession(ProtocolHandshake.java:74)
at org.openqa.selenium.remote.HttpCommandExecutor.execute(HttpCommandExecutor.java:136)
at org.openqa.selenium.remote.service.DriverCommandExecutor.execute(DriverCommandExecutor.java:83)
at org.openqa.selenium.remote.RemoteWebDriver.execute(RemoteWebDriver.java:552)
at org.openqa.selenium.remote.RemoteWebDriver.startSession(RemoteWebDriver.java:213)
at org.openqa.selenium.remote.RemoteWebDriver.<init>(RemoteWebDriver.java:131)
at org.openqa.selenium.chrome.ChromeDriver.<init>(ChromeDriver.java:181)
at org.openqa.selenium.chrome.ChromeDriver.<init>(ChromeDriver.java:168)
at org.openqa.selenium.chrome.ChromeDriver.<init>(ChromeDriver.java:123)
at core.BaseTest.setUp(BaseTest.java:21)
at java.base/java.util.ArrayList.forEach(ArrayList.java:1541)
at java.base/java.util.concurrent.FutureTask.run(FutureTask.java:264)
at java.base/java.util.concurrent.ThreadPoolExecutor.runWorker(ThreadPoolExecutor.java:1128)
at java.base/java.util.concurrent.ThreadPoolExecutor$Worker.run(ThreadPoolExecutor.java:628)
at java.base/java.lang.Thread.run(Thread.java:834)
... Removed 26 stack frames]]>
    </failure>
  </testcase> <!-- @BeforeMethod setUp -->
  <testcase classname="core.BaseTest" name="@AfterMethod tearDown" time="-1.645622151583E9">
    <skipped/>
  </testcase> <!-- @AfterMethod tearDown -->
  <testcase classname="core.BaseTest" name="@BeforeMethod setUp" time="-1.64562215181E9">
    <skipped/>
  </testcase> <!-- @BeforeMethod setUp -->
  <testcase classname="core.BaseTest" name="@AfterMethod tearDown" time="-1.645622151821E9">
    <skipped/>
  </testcase> <!-- @AfterMethod tearDown -->
  <testcase classname="core.BaseTest" name="@BeforeMethod setUp" time="-1.645622151824E9">
    <skipped/>
  </testcase> <!-- @BeforeMethod setUp -->
  <testcase classname="core.BaseTest" name="@AfterMethod tearDown" time="-1.645622151831E9">
    <skipped/>
  </testcase> <!-- @AfterMethod tearDown -->
  <testcase classname="core.BaseTest" name="@BeforeMethod setUp" time="1.587">
    <failure type="org.openqa.selenium.SessionNotCreatedException" message="session not created: This version of ChromeDriver only supports Chrome version 96
Current browser version is 98.0.4758.102 with binary path C:\Program Files\Google\Chrome\Application\chrome.exe
Build info: version: &amp;apos;3.141.59&amp;apos;, revision: &amp;apos;e82be7d358&amp;apos;, time: &amp;apos;2018-11-14T08:17:03&amp;apos;
System info: host: &amp;apos;DESKTOP-TF745PI&amp;apos;, ip: &amp;apos;192.168.0.4&amp;apos;, os.name: &amp;apos;Windows 10&amp;apos;, os.arch: &amp;apos;amd64&amp;apos;, os.version: &amp;apos;10.0&amp;apos;, java.version: &amp;apos;11.0.8&amp;apos;
Driver info: driver.version: ChromeDriver
remote stacktrace: Backtrace:
	Ordinal0 [0x00C76903+2517251]
	Ordinal0 [0x00C0F8E1+2095329]
	Ordinal0 [0x00B12848+1058888]
	Ordinal0 [0x00B30B9D+1182621]
	Ordinal0 [0x00B2CA60+1165920]
	Ordinal0 [0x00B2A2CF+1155791]
	Ordinal0 [0x00B5AAAF+1354415]
	Ordinal0 [0x00B5A71A+1353498]
	Ordinal0 [0x00B5639B+1336219]
	Ordinal0 [0x00B327A7+1189799]
	Ordinal0 [0x00B33609+1193481]
	GetHandleVerifier [0x00E05904+1577972]
	GetHandleVerifier [0x00EB0B97+2279047]
	GetHandleVerifier [0x00D06D09+534521]
	GetHandleVerifier [0x00D05DB9+530601]
	Ordinal0 [0x00C14FF9+2117625]
	Ordinal0 [0x00C198A8+2136232]
	Ordinal0 [0x00C199E2+2136546]
	Ordinal0 [0x00C23541+2176321]
	BaseThreadInitThunk [0x75C6FA29+25]
	RtlGetAppContainerNamedObjectPath [0x77D77A9E+286]
	RtlGetAppContainerNamedObjectPath [0x77D77A6E+238]
">
      <![CDATA[org.openqa.selenium.SessionNotCreatedException: session not created: This version of ChromeDriver only supports Chrome version 96
Current browser version is 98.0.4758.102 with binary path C:\Program Files\Google\Chrome\Application\chrome.exe
Build info: version: '3.141.59', revision: 'e82be7d358', time: '2018-11-14T08:17:03'
System info: host: 'DESKTOP-TF745PI', ip: '192.168.0.4', os.name: 'Windows 10', os.arch: 'amd64', os.version: '10.0', java.version: '11.0.8'
Driver info: driver.version: ChromeDriver
remote stacktrace: Backtrace:
Ordinal0 [0x00C76903+2517251]
Ordinal0 [0x00C0F8E1+2095329]
Ordinal0 [0x00B12848+1058888]
Ordinal0 [0x00B30B9D+1182621]
Ordinal0 [0x00B2CA60+1165920]
Ordinal0 [0x00B2A2CF+1155791]
Ordinal0 [0x00B5AAAF+1354415]
Ordinal0 [0x00B5A71A+1353498]
Ordinal0 [0x00B5639B+1336219]
Ordinal0 [0x00B327A7+1189799]
Ordinal0 [0x00B33609+1193481]
GetHandleVerifier [0x00E05904+1577972]
GetHandleVerifier [0x00EB0B97+2279047]
GetHandleVerifier [0x00D06D09+534521]
GetHandleVerifier [0x00D05DB9+530601]
Ordinal0 [0x00C14FF9+2117625]
Ordinal0 [0x00C198A8+2136232]
Ordinal0 [0x00C199E2+2136546]
Ordinal0 [0x00C23541+2176321]
BaseThreadInitThunk [0x75C6FA29+25]
RtlGetAppContainerNamedObjectPath [0x77D77A9E+286]
RtlGetAppContainerNamedObjectPath [0x77D77A6E+238]

at org.openqa.selenium.remote.W3CHandshakeResponse.lambda$errorHandler$0(W3CHandshakeResponse.java:62)
at org.openqa.selenium.remote.HandshakeResponse.lambda$getResponseFunction$0(HandshakeResponse.java:30)
at org.openqa.selenium.remote.ProtocolHandshake.lambda$createSession$0(ProtocolHandshake.java:126)
at java.base/java.util.stream.ReferencePipeline$3$1.accept(ReferencePipeline.java:195)
at java.base/java.util.Spliterators$ArraySpliterator.tryAdvance(Spliterators.java:958)
at java.base/java.util.stream.ReferencePipeline.forEachWithCancel(ReferencePipeline.java:127)
at java.base/java.util.stream.AbstractPipeline.copyIntoWithCancel(AbstractPipeline.java:502)
at java.base/java.util.stream.AbstractPipeline.copyInto(AbstractPipeline.java:488)
at java.base/java.util.stream.AbstractPipeline.wrapAndCopyInto(AbstractPipeline.java:474)
at java.base/java.util.stream.FindOps$FindOp.evaluateSequential(FindOps.java:150)
at java.base/java.util.stream.AbstractPipeline.evaluate(AbstractPipeline.java:234)
at java.base/java.util.stream.ReferencePipeline.findFirst(ReferencePipeline.java:543)
at org.openqa.selenium.remote.ProtocolHandshake.createSession(ProtocolHandshake.java:128)
at org.openqa.selenium.remote.ProtocolHandshake.createSession(ProtocolHandshake.java:74)
at org.openqa.selenium.remote.HttpCommandExecutor.execute(HttpCommandExecutor.java:136)
at org.openqa.selenium.remote.service.DriverCommandExecutor.execute(DriverCommandExecutor.java:83)
at org.openqa.selenium.remote.RemoteWebDriver.execute(RemoteWebDriver.java:552)
at org.openqa.selenium.remote.RemoteWebDriver.startSession(RemoteWebDriver.java:213)
at org.openqa.selenium.remote.RemoteWebDriver.<init>(RemoteWebDriver.java:131)
at org.openqa.selenium.chrome.ChromeDriver.<init>(ChromeDriver.java:181)
at org.openqa.selenium.chrome.ChromeDriver.<init>(ChromeDriver.java:168)
at org.openqa.selenium.chrome.ChromeDriver.<init>(ChromeDriver.java:123)
at core.BaseTest.setUp(BaseTest.java:21)
at java.base/java.util.ArrayList.forEach(ArrayList.java:1541)
at java.base/java.util.concurrent.FutureTask.run(FutureTask.java:264)
at java.base/java.util.concurrent.ThreadPoolExecutor.runWorker(ThreadPoolExecutor.java:1128)
at java.base/java.util.concurrent.ThreadPoolExecutor$Worker.run(ThreadPoolExecutor.java:628)
at java.base/java.lang.Thread.run(Thread.java:834)
... Removed 26 stack frames]]>
    </failure>
  </testcase> <!-- @BeforeMethod setUp -->
  <testcase classname="core.BaseTest" name="@AfterMethod tearDown" time="-1.645622153426E9">
    <skipped/>
  </testcase> <!-- @AfterMethod tearDown -->
  <testcase classname="core.BaseTest" name="@BeforeMethod setUp" time="-1.645622153428E9">
    <skipped/>
  </testcase> <!-- @BeforeMethod setUp -->
  <testcase classname="core.BaseTest" name="@AfterMethod tearDown" time="-1.645622153432E9">
    <skipped/>
  </testcase> <!-- @AfterMethod tearDown -->
  <testcase classname="core.BaseTest" name="@BeforeMethod setUp" time="1.563">
    <failure type="org.openqa.selenium.SessionNotCreatedException" message="session not created: This version of ChromeDriver only supports Chrome version 96
Current browser version is 98.0.4758.102 with binary path C:\Program Files\Google\Chrome\Application\chrome.exe
Build info: version: &amp;apos;3.141.59&amp;apos;, revision: &amp;apos;e82be7d358&amp;apos;, time: &amp;apos;2018-11-14T08:17:03&amp;apos;
System info: host: &amp;apos;DESKTOP-TF745PI&amp;apos;, ip: &amp;apos;192.168.0.4&amp;apos;, os.name: &amp;apos;Windows 10&amp;apos;, os.arch: &amp;apos;amd64&amp;apos;, os.version: &amp;apos;10.0&amp;apos;, java.version: &amp;apos;11.0.8&amp;apos;
Driver info: driver.version: ChromeDriver
remote stacktrace: Backtrace:
	Ordinal0 [0x00C76903+2517251]
	Ordinal0 [0x00C0F8E1+2095329]
	Ordinal0 [0x00B12848+1058888]
	Ordinal0 [0x00B30B9D+1182621]
	Ordinal0 [0x00B2CA60+1165920]
	Ordinal0 [0x00B2A2CF+1155791]
	Ordinal0 [0x00B5AAAF+1354415]
	Ordinal0 [0x00B5A71A+1353498]
	Ordinal0 [0x00B5639B+1336219]
	Ordinal0 [0x00B327A7+1189799]
	Ordinal0 [0x00B33609+1193481]
	GetHandleVerifier [0x00E05904+1577972]
	GetHandleVerifier [0x00EB0B97+2279047]
	GetHandleVerifier [0x00D06D09+534521]
	GetHandleVerifier [0x00D05DB9+530601]
	Ordinal0 [0x00C14FF9+2117625]
	Ordinal0 [0x00C198A8+2136232]
	Ordinal0 [0x00C199E2+2136546]
	Ordinal0 [0x00C23541+2176321]
	BaseThreadInitThunk [0x75C6FA29+25]
	RtlGetAppContainerNamedObjectPath [0x77D77A9E+286]
	RtlGetAppContainerNamedObjectPath [0x77D77A6E+238]
">
      <![CDATA[org.openqa.selenium.SessionNotCreatedException: session not created: This version of ChromeDriver only supports Chrome version 96
Current browser version is 98.0.4758.102 with binary path C:\Program Files\Google\Chrome\Application\chrome.exe
Build info: version: '3.141.59', revision: 'e82be7d358', time: '2018-11-14T08:17:03'
System info: host: 'DESKTOP-TF745PI', ip: '192.168.0.4', os.name: 'Windows 10', os.arch: 'amd64', os.version: '10.0', java.version: '11.0.8'
Driver info: driver.version: ChromeDriver
remote stacktrace: Backtrace:
Ordinal0 [0x00C76903+2517251]
Ordinal0 [0x00C0F8E1+2095329]
Ordinal0 [0x00B12848+1058888]
Ordinal0 [0x00B30B9D+1182621]
Ordinal0 [0x00B2CA60+1165920]
Ordinal0 [0x00B2A2CF+1155791]
Ordinal0 [0x00B5AAAF+1354415]
Ordinal0 [0x00B5A71A+1353498]
Ordinal0 [0x00B5639B+1336219]
Ordinal0 [0x00B327A7+1189799]
Ordinal0 [0x00B33609+1193481]
GetHandleVerifier [0x00E05904+1577972]
GetHandleVerifier [0x00EB0B97+2279047]
GetHandleVerifier [0x00D06D09+534521]
GetHandleVerifier [0x00D05DB9+530601]
Ordinal0 [0x00C14FF9+2117625]
Ordinal0 [0x00C198A8+2136232]
Ordinal0 [0x00C199E2+2136546]
Ordinal0 [0x00C23541+2176321]
BaseThreadInitThunk [0x75C6FA29+25]
RtlGetAppContainerNamedObjectPath [0x77D77A9E+286]
RtlGetAppContainerNamedObjectPath [0x77D77A6E+238]

at org.openqa.selenium.remote.W3CHandshakeResponse.lambda$errorHandler$0(W3CHandshakeResponse.java:62)
at org.openqa.selenium.remote.HandshakeResponse.lambda$getResponseFunction$0(HandshakeResponse.java:30)
at org.openqa.selenium.remote.ProtocolHandshake.lambda$createSession$0(ProtocolHandshake.java:126)
at java.base/java.util.stream.ReferencePipeline$3$1.accept(ReferencePipeline.java:195)
at java.base/java.util.Spliterators$ArraySpliterator.tryAdvance(Spliterators.java:958)
at java.base/java.util.stream.ReferencePipeline.forEachWithCancel(ReferencePipeline.java:127)
at java.base/java.util.stream.AbstractPipeline.copyIntoWithCancel(AbstractPipeline.java:502)
at java.base/java.util.stream.AbstractPipeline.copyInto(AbstractPipeline.java:488)
at java.base/java.util.stream.AbstractPipeline.wrapAndCopyInto(AbstractPipeline.java:474)
at java.base/java.util.stream.FindOps$FindOp.evaluateSequential(FindOps.java:150)
at java.base/java.util.stream.AbstractPipeline.evaluate(AbstractPipeline.java:234)
at java.base/java.util.stream.ReferencePipeline.findFirst(ReferencePipeline.java:543)
at org.openqa.selenium.remote.ProtocolHandshake.createSession(ProtocolHandshake.java:128)
at org.openqa.selenium.remote.ProtocolHandshake.createSession(ProtocolHandshake.java:74)
at org.openqa.selenium.remote.HttpCommandExecutor.execute(HttpCommandExecutor.java:136)
at org.openqa.selenium.remote.service.DriverCommandExecutor.execute(DriverCommandExecutor.java:83)
at org.openqa.selenium.remote.RemoteWebDriver.execute(RemoteWebDriver.java:552)
at org.openqa.selenium.remote.RemoteWebDriver.startSession(RemoteWebDriver.java:213)
at org.openqa.selenium.remote.RemoteWebDriver.<init>(RemoteWebDriver.java:131)
at org.openqa.selenium.chrome.ChromeDriver.<init>(ChromeDriver.java:181)
at org.openqa.selenium.chrome.ChromeDriver.<init>(ChromeDriver.java:168)
at org.openqa.selenium.chrome.ChromeDriver.<init>(ChromeDriver.java:123)
at core.BaseTest.setUp(BaseTest.java:21)
at java.base/java.util.ArrayList.forEach(ArrayList.java:1541)
at java.base/java.util.concurrent.FutureTask.run(FutureTask.java:264)
at java.base/java.util.concurrent.ThreadPoolExecutor.runWorker(ThreadPoolExecutor.java:1128)
at java.base/java.util.concurrent.ThreadPoolExecutor$Worker.run(ThreadPoolExecutor.java:628)
at java.base/java.lang.Thread.run(Thread.java:834)
... Removed 26 stack frames]]>
    </failure>
  </testcase> <!-- @BeforeMethod setUp -->
  <testcase classname="core.BaseTest" name="@AfterMethod tearDown" time="-1.645622155003E9">
    <skipped/>
  </testcase> <!-- @AfterMethod tearDown -->
  <testcase classname="test.LoginTest" name="TC01_verifyLoginPage" time="0.0">
    <skipped/>
  </testcase> <!-- TC01_verifyLoginPage -->
  <testcase classname="test.LoginTest" name="TC02_verifyLoginSuccess" time="0.0">
    <skipped/>
  </testcase> <!-- TC02_verifyLoginSuccess -->
  <testcase classname="test.ProductCategoriesTest" name="TC03_1" time="0.0">
    <skipped/>
  </testcase> <!-- TC03_1 -->
  <testcase classname="test.ProductCategoriesTest" name="TC03_2toTC04" time="0.0">
    <skipped/>
  </testcase> <!-- TC03_2toTC04 -->
  <testcase classname="test.ProductCategoriesTest" name="TC03_2toTC04" time="0.0">
    <skipped/>
  </testcase> <!-- TC03_2toTC04 -->
  <testcase classname="test.ProductCategoriesTest" name="TC03_2toTC04" time="0.0">
    <skipped/>
  </testcase> <!-- TC03_2toTC04 -->
  <testcase classname="test.ProductPageTest" name="TC05_verifyProductsPage" time="0.0">
    <skipped/>
  </testcase> <!-- TC05_verifyProductsPage -->
  <testcase classname="test.ProductPageTest" name="TC06_07" time="0.0">
    <skipped/>
  </testcase> <!-- TC06_07 -->
  <testcase classname="test.ProductPageTest" name="TC06_07" time="0.0">
    <skipped/>
  </testcase> <!-- TC06_07 -->
  <testcase classname="test.AtributeGroupTest" name="TC08_verifyAttributeGroupPage" time="0.0">
    <skipped/>
  </testcase> <!-- TC08_verifyAttributeGroupPage -->
  <testcase classname="test.AtributeGroupTest" name="TC09_verifyCreateNewAttributeGroup" time="0.0">
    <skipped/>
  </testcase> <!-- TC09_verifyCreateNewAttributeGroup -->
  <testcase classname="test.AtributePageTest" name="TC10_verifyNewCreateAttribute" time="0.0">
    <skipped/>
  </testcase> <!-- TC10_verifyNewCreateAttribute -->
</testsuite> <!-- ChromeTest -->
