<?xml version="1.0" encoding="UTF-8"?>
<!-- Generated by org.testng.reporters.JUnitXMLReporter -->
<testsuite ignored="0" hostname="DESKTOP-TF745PI" failures="0" tests="2" name="Test" time="0.091" errors="0" timestamp="2021-10-11T16:39:59 ICT">
  <testcase classname="core.BaseTest" name="@BeforeMethod setUp" time="-1.63394519942E9">
    <failure type="org.testng.TestNGException" message="
Parameter &amp;apos;browser&amp;apos; is required by BeforeMethod on method setUp but has not been marked @Optional or defined
in C:\Users\thaoc\eclipse-workspace\ThaoMT8_Assignment_Final\test3.xml">
      <![CDATA[org.testng.TestNGException: 
Parameter 'browser' is required by BeforeMethod on method setUp but has not been marked @Optional or defined
in C:\Users\thaoc\eclipse-workspace\ThaoMT8_Assignment_Final\test3.xml
at java.base/java.util.ArrayList.forEach(ArrayList.java:1541)
... Removed 28 stack frames]]>
    </failure>
  </testcase> <!-- @BeforeMethod setUp -->
  <testcase classname="core.BaseTest" name="@AfterMethod tearDown" time="-1.633945199444E9">
    <skipped/>
  </testcase> <!-- @AfterMethod tearDown -->
  <testcase classname="core.BaseTest" name="@BeforeMethod setUp" time="-1.633945199449E9">
    <skipped/>
  </testcase> <!-- @BeforeMethod setUp -->
  <testcase classname="core.BaseTest" name="@AfterMethod tearDown" time="-1.633945199459E9">
    <skipped/>
  </testcase> <!-- @AfterMethod tearDown -->
  <testcase classname="test.ProductCategoriesTest" name="verifyNameRequiredFieldInProductCategoriesPage" time="0.0">
    <skipped/>
  </testcase> <!-- verifyNameRequiredFieldInProductCategoriesPage -->
  <testcase classname="test.ProductCategoriesTest" name="verifyProductCategoriesPage" time="0.0">
    <skipped/>
  </testcase> <!-- verifyProductCategoriesPage -->
</testsuite> <!-- Test -->
