<?xml version="1.0" encoding="UTF-8"?>
<testng-results ignored="0" total="3" passed="2" failed="1" skipped="0">
  <reporter-output>
  </reporter-output>
  <suite started-at="2021-10-16T18:14:02 ICT" name="Default suite" finished-at="2021-10-16T18:15:22 ICT" duration-ms="80230">
    <groups>
    </groups>
    <test started-at="2021-10-16T18:14:02 ICT" name="Default test" finished-at="2021-10-16T18:15:22 ICT" duration-ms="80230">
      <class name="exercise_2.test.TestSearch">
        <test-method is-config="true" signature="setUp()[pri:0, instance:exercise_2.test.TestSearch@67080771]" started-at="2021-10-16T18:14:03 ICT" name="setUp" finished-at="2021-10-16T18:14:20 ICT" duration-ms="17619" status="PASS">
          <reporter-output>
          </reporter-output>
        </test-method> <!-- setUp -->
        <test-method signature="test(java.lang.Object,java.lang.Object)[pri:0, instance:exercise_2.test.TestSearch@67080771]" started-at="2021-10-16T18:14:20 ICT" name="test" data-provider="testData" finished-at="2021-10-16T18:14:33 ICT" duration-ms="12775" status="PASS">
          <params>
            <param index="0">
              <value>
                <![CDATA[Faded Short Sleeve T-shirts]]>
              </value>
            </param>
            <param index="1">
              <value>
                <![CDATA[16.51]]>
              </value>
            </param>
          </params>
          <reporter-output>
          </reporter-output>
        </test-method> <!-- test -->
        <test-method is-config="true" signature="tearDown()[pri:0, instance:exercise_2.test.TestSearch@67080771]" started-at="2021-10-16T18:14:33 ICT" name="tearDown" finished-at="2021-10-16T18:14:34 ICT" duration-ms="807" status="PASS">
          <reporter-output>
          </reporter-output>
        </test-method> <!-- tearDown -->
        <test-method is-config="true" signature="setUp()[pri:0, instance:exercise_2.test.TestSearch@67080771]" started-at="2021-10-16T18:14:34 ICT" name="setUp" finished-at="2021-10-16T18:14:47 ICT" duration-ms="13344" status="PASS">
          <reporter-output>
          </reporter-output>
        </test-method> <!-- setUp -->
        <test-method signature="test(java.lang.Object,java.lang.Object)[pri:0, instance:exercise_2.test.TestSearch@67080771]" started-at="2021-10-16T18:14:47 ICT" name="test" data-provider="testData" finished-at="2021-10-16T18:15:02 ICT" duration-ms="14355" status="PASS">
          <params>
            <param index="0">
              <value>
                <![CDATA[Blouse]]>
              </value>
            </param>
            <param index="1">
              <value>
                <![CDATA[27.00]]>
              </value>
            </param>
          </params>
          <reporter-output>
          </reporter-output>
        </test-method> <!-- test -->
        <test-method is-config="true" signature="tearDown()[pri:0, instance:exercise_2.test.TestSearch@67080771]" started-at="2021-10-16T18:15:02 ICT" name="tearDown" finished-at="2021-10-16T18:15:02 ICT" duration-ms="749" status="PASS">
          <reporter-output>
          </reporter-output>
        </test-method> <!-- tearDown -->
        <test-method is-config="true" signature="setUp()[pri:0, instance:exercise_2.test.TestSearch@67080771]" started-at="2021-10-16T18:15:02 ICT" name="setUp" finished-at="2021-10-16T18:15:15 ICT" duration-ms="12507" status="PASS">
          <reporter-output>
          </reporter-output>
        </test-method> <!-- setUp -->
        <test-method signature="test(java.lang.Object,java.lang.Object)[pri:0, instance:exercise_2.test.TestSearch@67080771]" started-at="2021-10-16T18:15:15 ICT" name="test" data-provider="testData" finished-at="2021-10-16T18:15:21 ICT" duration-ms="6355" status="FAIL">
          <params>
            <param index="0">
              <value>
                <![CDATA[Printed Dress]]>
              </value>
            </param>
            <param index="1">
              <value>
                <![CDATA[26]]>
              </value>
            </param>
          </params>
          <exception class="java.lang.AssertionError">
            <message>
              <![CDATA[Not match price product expected [$26] but found [$28.98]]]>
            </message>
            <full-stacktrace>
              <![CDATA[java.lang.AssertionError: Not match price product expected [$26] but found [$28.98]
at org.testng.Assert.fail(Assert.java:99)
at org.testng.Assert.failNotEquals(Assert.java:1037)
at org.testng.Assert.assertEqualsImpl(Assert.java:140)
at org.testng.Assert.assertEquals(Assert.java:122)
at org.testng.Assert.assertEquals(Assert.java:629)
at exercise_2.test.TestSearch.test(TestSearch.java:31)
at java.base/jdk.internal.reflect.NativeMethodAccessorImpl.invoke0(Native Method)
at java.base/jdk.internal.reflect.NativeMethodAccessorImpl.invoke(NativeMethodAccessorImpl.java:62)
at java.base/jdk.internal.reflect.DelegatingMethodAccessorImpl.invoke(DelegatingMethodAccessorImpl.java:43)
at java.base/java.lang.reflect.Method.invoke(Method.java:566)
at org.testng.internal.MethodInvocationHelper.invokeMethod(MethodInvocationHelper.java:133)
at org.testng.internal.TestInvoker.invokeMethod(TestInvoker.java:598)
at org.testng.internal.TestInvoker.invokeTestMethod(TestInvoker.java:173)
at org.testng.internal.MethodRunner.runInSequence(MethodRunner.java:46)
at org.testng.internal.TestInvoker$MethodInvocationAgent.invoke(TestInvoker.java:824)
at org.testng.internal.TestInvoker.invokeTestMethods(TestInvoker.java:146)
at org.testng.internal.TestMethodWorker.invokeTestMethods(TestMethodWorker.java:146)
at org.testng.internal.TestMethodWorker.run(TestMethodWorker.java:128)
at java.base/java.util.ArrayList.forEach(ArrayList.java:1541)
at org.testng.TestRunner.privateRun(TestRunner.java:794)
at org.testng.TestRunner.run(TestRunner.java:596)
at org.testng.SuiteRunner.runTest(SuiteRunner.java:377)
at org.testng.SuiteRunner.runSequentially(SuiteRunner.java:371)
at org.testng.SuiteRunner.privateRun(SuiteRunner.java:332)
at org.testng.SuiteRunner.run(SuiteRunner.java:276)
at org.testng.SuiteRunnerWorker.runSuite(SuiteRunnerWorker.java:53)
at org.testng.SuiteRunnerWorker.run(SuiteRunnerWorker.java:96)
at org.testng.TestNG.runSuitesSequentially(TestNG.java:1212)
at org.testng.TestNG.runSuitesLocally(TestNG.java:1134)
at org.testng.TestNG.runSuites(TestNG.java:1063)
at org.testng.TestNG.run(TestNG.java:1031)
at org.testng.remote.AbstractRemoteTestNG.run(AbstractRemoteTestNG.java:115)
at org.testng.remote.RemoteTestNG.initAndRun(RemoteTestNG.java:251)
at org.testng.remote.RemoteTestNG.main(RemoteTestNG.java:77)
]]>
            </full-stacktrace>
          </exception> <!-- java.lang.AssertionError -->
          <reporter-output>
          </reporter-output>
        </test-method> <!-- test -->
        <test-method is-config="true" signature="tearDown()[pri:0, instance:exercise_2.test.TestSearch@67080771]" started-at="2021-10-16T18:15:21 ICT" name="tearDown" finished-at="2021-10-16T18:15:22 ICT" duration-ms="699" status="PASS">
          <reporter-output>
          </reporter-output>
        </test-method> <!-- tearDown -->
      </class> <!-- exercise_2.test.TestSearch -->
    </test> <!-- Default test -->
  </suite> <!-- Default suite -->
</testng-results>
